2025-07-02 23:29:27,997 - INFO - Navigating to page: https://www.popmart.com/
2025-07-02 23:29:46,738 - INFO - Scrolling down to load all images...
2025-07-02 23:29:49,907 - INFO - Screenshot taken: screenshot.png
2025-07-02 23:29:49,907 - INFO - Finding images...
2025-07-02 23:29:49,910 - INFO - Found 19 images. Downloading...
2025-07-02 23:29:50,218 - INFO - Saved: /Users/abdualziz/wep bob/www/images/headerUserIcon2.png
2025-07-02 23:29:50,586 - INFO - Saved: /Users/abdualziz/wep bob/www/images/amex.png
2025-07-02 23:29:50,871 - INFO - Saved: /Users/abdualziz/wep bob/www/images/bag.png
2025-07-02 23:29:51,116 - INFO - Saved: /Users/abdualziz/wep bob/www/images/creditcard1.png
2025-07-02 23:29:51,378 - INFO - Saved: /Users/abdualziz/wep bob/www/images/jcb.png
2025-07-02 23:29:51,638 - INFO - Saved: /Users/abdualziz/wep bob/www/images/heart_circle.png
2025-07-02 23:29:51,899 - INFO - Saved: /Users/abdualziz/wep bob/www/images/logo.png
2025-07-02 23:29:52,183 - INFO - Saved: /Users/abdualziz/wep bob/www/images/facebook.png
2025-07-02 23:29:52,447 - INFO - Saved: /Users/abdualziz/wep bob/www/images/discover.png
2025-07-02 23:29:52,698 - INFO - Saved: /Users/abdualziz/wep bob/www/images/paypal.png
2025-07-02 23:29:52,949 - INFO - Saved: /Users/abdualziz/wep bob/www/images/search_history_delete.ca4b430c.png
2025-07-02 23:29:53,210 - INFO - Saved: /Users/abdualziz/wep bob/www/images/search.png
2025-07-02 23:29:53,462 - INFO - Saved: /Users/abdualziz/wep bob/www/images/ca.png
2025-07-02 23:29:53,730 - INFO - Saved: /Users/abdualziz/wep bob/www/images/mastercard.png
2025-07-02 23:29:54,041 - INFO - Saved: /Users/abdualziz/wep bob/www/images/visa.png
2025-07-02 23:29:54,296 - INFO - Saved: /Users/abdualziz/wep bob/www/images/tiktok.png
2025-07-02 23:29:54,574 - INFO - Saved: /Users/abdualziz/wep bob/www/images/customerService.webp
2025-07-02 23:29:54,835 - INFO - Saved: /Users/abdualziz/wep bob/www/images/instagram.png
